<?xml version="1.0" encoding="UTF-8"?>
<coverage generated="1679863505473" clover="3.2.0">
  <project timestamp="1679863505474" name="All files">
    <metrics statements="1" coveredstatements="1" conditionals="1" coveredconditionals="1" methods="1" coveredmethods="1" elements="3" coveredelements="3" complexity="0" loc="1" ncloc="1" packages="1" files="1" classes="1"/>
    <file name="users.ts" path="E:\___PROJETOS\___DEVELOPMENT\___PROJ_NUXT_TODO_LIST\nuxt-todo-list\src\users.ts">
      <metrics statements="1" coveredstatements="1" conditionals="1" coveredconditionals="1" methods="1" coveredmethods="1"/>
      <line num="1" count="1" type="cond" truecount="1" falsecount="0"/>
    </file>
  </project>
</coverage>
