{"E:\\___PROJETOS\\___DEVELOPMENT\\___PROJ_NUXT_TODO_LIST\\nuxt-todo-list\\store\\todo.ts": {"path":"E:\\___PROJETOS\\___DEVELOPMENT\\___PROJ_NUXT_TODO_LIST\\nuxt-todo-list\\store\\todo.ts","all":false,"statementMap":{"0":{"start":{"line":1,"column":0},"end":{"line":1,"column":35}},"1":{"start":{"line":2,"column":0},"end":{"line":2,"column":33}},"2":{"start":{"line":3,"column":0},"end":{"line":3,"column":0}},"3":{"start":{"line":4,"column":0},"end":{"line":4,"column":23}},"4":{"start":{"line":5,"column":0},"end":{"line":5,"column":12}},"5":{"start":{"line":6,"column":0},"end":{"line":6,"column":15}},"6":{"start":{"line":7,"column":0},"end":{"line":7,"column":15}},"7":{"start":{"line":8,"column":0},"end":{"line":8,"column":17}},"8":{"start":{"line":9,"column":0},"end":{"line":9,"column":17}},"9":{"start":{"line":10,"column":0},"end":{"line":10,"column":1}},"10":{"start":{"line":11,"column":0},"end":{"line":11,"column":0}},"11":{"start":{"line":12,"column":0},"end":{"line":12,"column":39}},"12":{"start":{"line":13,"column":0},"end":{"line":13,"column":0}},"13":{"start":{"line":14,"column":0},"end":{"line":14,"column":26}},"14":{"start":{"line":15,"column":0},"end":{"line":15,"column":15}},"15":{"start":{"line":16,"column":0},"end":{"line":16,"column":1}},"16":{"start":{"line":17,"column":0},"end":{"line":17,"column":0}},"17":{"start":{"line":18,"column":0},"end":{"line":18,"column":29}},"18":{"start":{"line":19,"column":0},"end":{"line":19,"column":16}},"19":{"start":{"line":20,"column":0},"end":{"line":20,"column":16}},"20":{"start":{"line":21,"column":0},"end":{"line":21,"column":1}},"21":{"start":{"line":22,"column":0},"end":{"line":22,"column":0}},"22":{"start":{"line":23,"column":0},"end":{"line":23,"column":28}},"23":{"start":{"line":24,"column":0},"end":{"line":24,"column":16}},"24":{"start":{"line":25,"column":0},"end":{"line":25,"column":1}},"25":{"start":{"line":26,"column":0},"end":{"line":26,"column":0}},"26":{"start":{"line":27,"column":0},"end":{"line":27,"column":33}},"27":{"start":{"line":28,"column":0},"end":{"line":28,"column":12}},"28":{"start":{"line":29,"column":0},"end":{"line":29,"column":2}},"29":{"start":{"line":30,"column":0},"end":{"line":30,"column":0}},"30":{"start":{"line":31,"column":0},"end":{"line":31,"column":17}},"31":{"start":{"line":32,"column":0},"end":{"line":32,"column":50}},"32":{"start":{"line":33,"column":0},"end":{"line":33,"column":27}},"33":{"start":{"line":34,"column":0},"end":{"line":34,"column":54}},"34":{"start":{"line":35,"column":0},"end":{"line":35,"column":4}},"35":{"start":{"line":36,"column":0},"end":{"line":36,"column":40}},"36":{"start":{"line":37,"column":0},"end":{"line":37,"column":26}},"37":{"start":{"line":38,"column":0},"end":{"line":38,"column":27}},"38":{"start":{"line":39,"column":0},"end":{"line":39,"column":54}},"39":{"start":{"line":40,"column":0},"end":{"line":40,"column":6}},"40":{"start":{"line":41,"column":0},"end":{"line":41,"column":1}},"41":{"start":{"line":42,"column":0},"end":{"line":42,"column":0}},"42":{"start":{"line":43,"column":0},"end":{"line":43,"column":54}},"43":{"start":{"line":44,"column":0},"end":{"line":44,"column":8}},"44":{"start":{"line":45,"column":0},"end":{"line":45,"column":10}},"45":{"start":{"line":46,"column":0},"end":{"line":46,"column":12}},"46":{"start":{"line":47,"column":0},"end":{"line":47,"column":31}},"47":{"start":{"line":48,"column":0},"end":{"line":48,"column":26}},"48":{"start":{"line":49,"column":0},"end":{"line":49,"column":19}},"49":{"start":{"line":50,"column":0},"end":{"line":50,"column":23}},"50":{"start":{"line":51,"column":0},"end":{"line":51,"column":20}},"51":{"start":{"line":52,"column":0},"end":{"line":52,"column":30}},"52":{"start":{"line":53,"column":0},"end":{"line":53,"column":30}},"53":{"start":{"line":54,"column":0},"end":{"line":54,"column":7}},"54":{"start":{"line":55,"column":0},"end":{"line":55,"column":27}},"55":{"start":{"line":56,"column":0},"end":{"line":56,"column":6}},"56":{"start":{"line":57,"column":0},"end":{"line":57,"column":24}},"57":{"start":{"line":58,"column":0},"end":{"line":58,"column":62}},"58":{"start":{"line":59,"column":0},"end":{"line":59,"column":6}},"59":{"start":{"line":60,"column":0},"end":{"line":60,"column":44}},"60":{"start":{"line":61,"column":0},"end":{"line":61,"column":67}},"61":{"start":{"line":62,"column":0},"end":{"line":62,"column":27}},"62":{"start":{"line":63,"column":0},"end":{"line":63,"column":29}},"63":{"start":{"line":64,"column":0},"end":{"line":64,"column":18}},"64":{"start":{"line":65,"column":0},"end":{"line":65,"column":30}},"65":{"start":{"line":66,"column":0},"end":{"line":66,"column":8}},"66":{"start":{"line":67,"column":0},"end":{"line":67,"column":6}},"67":{"start":{"line":68,"column":0},"end":{"line":68,"column":3}},"68":{"start":{"line":69,"column":0},"end":{"line":69,"column":2}}},"s":{"0":1,"1":1,"2":1,"3":1,"4":1,"5":1,"6":1,"7":1,"8":1,"9":1,"10":1,"11":1,"12":1,"13":1,"14":1,"15":1,"16":1,"17":1,"18":1,"19":1,"20":1,"21":1,"22":1,"23":1,"24":1,"25":1,"26":1,"27":9,"28":9,"29":1,"30":1,"31":1,"32":1,"33":0,"34":1,"35":1,"36":1,"37":1,"38":4,"39":1,"40":1,"41":1,"42":1,"43":1,"44":1,"45":1,"46":1,"47":5,"48":5,"49":5,"50":5,"51":5,"52":5,"53":5,"54":5,"55":5,"56":1,"57":1,"58":1,"59":1,"60":2,"61":2,"62":2,"63":2,"64":2,"65":2,"66":2,"67":1,"68":1},"branchMap":{"0":{"type":"branch","line":27,"loc":{"start":{"line":27,"column":14},"end":{"line":29,"column":2}},"locations":[{"start":{"line":27,"column":14},"end":{"line":29,"column":2}}]},"1":{"type":"branch","line":32,"loc":{"start":{"line":32,"column":11},"end":{"line":35,"column":4}},"locations":[{"start":{"line":32,"column":11},"end":{"line":35,"column":4}}]},"2":{"type":"branch","line":32,"loc":{"start":{"line":32,"column":33},"end":{"line":35,"column":4}},"locations":[{"start":{"line":32,"column":33},"end":{"line":35,"column":4}}]},"3":{"type":"branch","line":36,"loc":{"start":{"line":36,"column":19},"end":{"line":40,"column":6}},"locations":[{"start":{"line":36,"column":19},"end":{"line":40,"column":6}}]},"4":{"type":"branch","line":38,"loc":{"start":{"line":38,"column":6},"end":{"line":39,"column":54}},"locations":[{"start":{"line":38,"column":6},"end":{"line":39,"column":54}}]},"5":{"type":"branch","line":47,"loc":{"start":{"line":47,"column":4},"end":{"line":56,"column":6}},"locations":[{"start":{"line":47,"column":4},"end":{"line":56,"column":6}}]},"6":{"type":"branch","line":57,"loc":{"start":{"line":57,"column":4},"end":{"line":59,"column":6}},"locations":[{"start":{"line":57,"column":4},"end":{"line":59,"column":6}}]},"7":{"type":"branch","line":58,"loc":{"start":{"line":58,"column":37},"end":{"line":58,"column":61}},"locations":[{"start":{"line":58,"column":37},"end":{"line":58,"column":61}}]},"8":{"type":"branch","line":60,"loc":{"start":{"line":60,"column":4},"end":{"line":67,"column":6}},"locations":[{"start":{"line":60,"column":4},"end":{"line":67,"column":6}}]},"9":{"type":"branch","line":61,"loc":{"start":{"line":61,"column":41},"end":{"line":61,"column":65}},"locations":[{"start":{"line":61,"column":41},"end":{"line":61,"column":65}}]},"10":{"type":"branch","line":69,"loc":{"start":{"line":69,"column":1},"end":{"line":69,"column":2}},"locations":[{"start":{"line":69,"column":1},"end":{"line":69,"column":2}}]}},"b":{"0":[9],"1":[1],"2":[1],"3":[1],"4":[4],"5":[5],"6":[1],"7":[1],"8":[2],"9":[2],"10":[8]},"fnMap":{"0":{"name":"state","decl":{"start":{"line":27,"column":14},"end":{"line":29,"column":2}},"loc":{"start":{"line":27,"column":14},"end":{"line":29,"column":2}},"line":27},"1":{"name":"getById","decl":{"start":{"line":32,"column":11},"end":{"line":35,"column":4}},"loc":{"start":{"line":32,"column":11},"end":{"line":35,"column":4}},"line":32},"2":{"name":"getOrderedTodos","decl":{"start":{"line":36,"column":19},"end":{"line":40,"column":6}},"loc":{"start":{"line":36,"column":19},"end":{"line":40,"column":6}},"line":36},"3":{"name":"add","decl":{"start":{"line":47,"column":4},"end":{"line":56,"column":6}},"loc":{"start":{"line":47,"column":4},"end":{"line":56,"column":6}},"line":47},"4":{"name":"remove","decl":{"start":{"line":57,"column":4},"end":{"line":59,"column":6}},"loc":{"start":{"line":57,"column":4},"end":{"line":59,"column":6}},"line":57},"5":{"name":"update","decl":{"start":{"line":60,"column":4},"end":{"line":67,"column":6}},"loc":{"start":{"line":60,"column":4},"end":{"line":67,"column":6}},"line":60},"6":{"name":"get","decl":{"start":{"line":69,"column":1},"end":{"line":69,"column":2}},"loc":{"start":{"line":69,"column":1},"end":{"line":69,"column":2}},"line":69}},"f":{"0":9,"1":1,"2":1,"3":5,"4":1,"5":2,"6":8}}
}
