{"E:\\___PROJETOS\\___DEVELOPMENT\\___PROJ_NUXT_TODO_LIST\\nuxt-todo-list\\src\\users.ts": {"path":"E:\\___PROJETOS\\___DEVELOPMENT\\___PROJ_NUXT_TODO_LIST\\nuxt-todo-list\\src\\users.ts","all":false,"statementMap":{"0":{"start":{"line":1,"column":0},"end":{"line":1,"column":22}}},"s":{"0":1},"branchMap":{"0":{"type":"branch","line":1,"loc":{"start":{"line":1,"column":20},"end":{"line":1,"column":21}},"locations":[{"start":{"line":1,"column":20},"end":{"line":1,"column":21}}]}},"b":{"0":[2]},"fnMap":{"0":{"name":"get","decl":{"start":{"line":1,"column":20},"end":{"line":1,"column":21}},"loc":{"start":{"line":1,"column":20},"end":{"line":1,"column":21}},"line":1}},"f":{"0":2}}
}
